<?xml version="1.0" encoding="UTF-8"?>
<!-- Generated by org.testng.reporters.JUnitReportReporter -->
<testsuite hostname="DESKTOP-GT782CE" failures="0" tests="1" name="test.SwagLabCheckoutPageTest" time="10.635" errors="0" timestamp="2024-11-17T19:59:14 IST" skipped="0">
  <testcase classname="test.SwagLabCheckoutPageTest" name="enteryourinfomationoncheckoutpage" time="10.635"/>
  <system-out/>
</testsuite> <!-- test.SwagLabCheckoutPageTest -->
