<?xml version="1.0" encoding="UTF-8"?>
<!-- Generated by org.testng.reporters.JUnitReportReporter -->
<testsuite hostname="DESKTOP-GT782CE" failures="0" tests="2" name="test.SwagLabLoginTest" time="32.559" errors="0" timestamp="2024-11-17T13:15:29 IST" skipped="0">
  <testcase classname="test.SwagLabLoginTest" name="verifyIfWarningMessageIsDisplayeddForLockedUser" time="19.907"/>
  <system-out/>
  <testcase classname="test.SwagLabLoginTest" name="verifyUserIsAbleToLoginWithValidCredentials" time="12.652"/>
  <system-out/>
</testsuite> <!-- test.SwagLabLoginTest -->
